I, [2014-10-10T08:21:00.918446 #8564]  INFO -- Kitchen: -----> Starting Kitchen (v1.2.1)
I, [2014-10-10T08:21:03.282068 #8564]  INFO -- Kitchen: -----> Creating <default-centos-65>...
E, [2014-10-10T08:27:12.694388 #8564] ERROR -- Kitchen: ------Exception-------
E, [2014-10-10T08:27:12.694388 #8564] ERROR -- Kitchen: Class: Kitchen::ActionFailed
E, [2014-10-10T08:27:12.694888 #8564] ERROR -- Kitchen: Message: Failed to complete #create action: [Expected process to exit with [0], but received '1'
---- Begin output of vagrant up --no-provision --provider=virtualbox ----
STDOUT: Bringing machine 'default' up with 'virtualbox' provider...
==> default: Importing base box 'opscode-centos-6.5'...
[KProgress: 10%[KProgress: 20%[KProgress: 30%[KProgress: 40%[KProgress: 50%[KProgress: 60%[KProgress: 70%[KProgress: 80%[KProgress: 90%[K==> default: Matching MAC address for NAT networking...
==> default: Setting the name of the VM: default-centos-65_default_1412954517682_73505
==> default: Clearing any previously set network interfaces...
==> default: Preparing network interfaces based on configuration...
    default: Adapter 1: nat
==> default: Forwarding ports...
    default: 22 => 2222 (adapter 1)
==> default: Booting VM...
==> default: Waiting for machine to boot. This may take a few minutes...
    default: SSH address: 127.0.0.1:2222
    default: SSH username: vagrant
    default: SSH auth method: private key
    default: Warning: Connection timeout. Retrying...
    default: Warning: Connection timeout. Retrying...
    default: Warning: Connection timeout. Retrying...
    default: Warning: Connection timeout. Retrying...
    default: Warning: Connection timeout. Retrying...
    default: Warning: Connection timeout. Retrying...
    default: Warning: Connection timeout. Retrying...
    default: Warning: Connection timeout. Retrying...
    default: Warning: Connection timeout. Retrying...
    default: Warning: Connection timeout. Retrying...
    default: Warning: Connection timeout. Retrying...
    default: Warning: Connection timeout. Retrying...
    default: Warning: Connection timeout. Retrying...
    default: Warning: Connection timeout. Retrying...
    default: Warning: Connection timeout. Retrying...
    default: Warning: Connection timeout. Retrying...
    default: Warning: Connection timeout. Retrying...
    default: Warning: Connection timeout. Retrying...
    default: Warning: Connection timeout. Retrying...
STDERR: Timed out while waiting for the machine to boot. This means that
Vagrant was unable to communicate with the guest machine within
the configured ("config.vm.boot_timeout" value) time period.

If you look above, you should be able to see the error(s) that
Vagrant had when attempting to connect to the machine. These errors
are usually good hints as to what may be wrong.

If you're using a custom box, make sure that networking is properly
working and you're able to connect to the machine. It is a common
problem that networking isn't setup properly in these boxes.
Verify that authentication configurations are also setup properly,
as well.

If the box appears to be booting properly, you may want to increase
the timeout ("config.vm.boot_timeout") value.
---- End output of vagrant up --no-provision --provider=virtualbox ----
Ran vagrant up --no-provision --provider=virtualbox returned 1]
E, [2014-10-10T08:27:12.694888 #8564] ERROR -- Kitchen: ---Nested Exception---
E, [2014-10-10T08:27:12.694888 #8564] ERROR -- Kitchen: Class: Kitchen::ShellOut::ShellCommandFailed
E, [2014-10-10T08:27:12.694888 #8564] ERROR -- Kitchen: Message: Expected process to exit with [0], but received '1'
---- Begin output of vagrant up --no-provision --provider=virtualbox ----
STDOUT: Bringing machine 'default' up with 'virtualbox' provider...
==> default: Importing base box 'opscode-centos-6.5'...
[KProgress: 10%[KProgress: 20%[KProgress: 30%[KProgress: 40%[KProgress: 50%[KProgress: 60%[KProgress: 70%[KProgress: 80%[KProgress: 90%[K==> default: Matching MAC address for NAT networking...
==> default: Setting the name of the VM: default-centos-65_default_1412954517682_73505
==> default: Clearing any previously set network interfaces...
==> default: Preparing network interfaces based on configuration...
    default: Adapter 1: nat
==> default: Forwarding ports...
    default: 22 => 2222 (adapter 1)
==> default: Booting VM...
==> default: Waiting for machine to boot. This may take a few minutes...
    default: SSH address: 127.0.0.1:2222
    default: SSH username: vagrant
    default: SSH auth method: private key
    default: Warning: Connection timeout. Retrying...
    default: Warning: Connection timeout. Retrying...
    default: Warning: Connection timeout. Retrying...
    default: Warning: Connection timeout. Retrying...
    default: Warning: Connection timeout. Retrying...
    default: Warning: Connection timeout. Retrying...
    default: Warning: Connection timeout. Retrying...
    default: Warning: Connection timeout. Retrying...
    default: Warning: Connection timeout. Retrying...
    default: Warning: Connection timeout. Retrying...
    default: Warning: Connection timeout. Retrying...
    default: Warning: Connection timeout. Retrying...
    default: Warning: Connection timeout. Retrying...
    default: Warning: Connection timeout. Retrying...
    default: Warning: Connection timeout. Retrying...
    default: Warning: Connection timeout. Retrying...
    default: Warning: Connection timeout. Retrying...
    default: Warning: Connection timeout. Retrying...
    default: Warning: Connection timeout. Retrying...
STDERR: Timed out while waiting for the machine to boot. This means that
Vagrant was unable to communicate with the guest machine within
the configured ("config.vm.boot_timeout" value) time period.

If you look above, you should be able to see the error(s) that
Vagrant had when attempting to connect to the machine. These errors
are usually good hints as to what may be wrong.

If you're using a custom box, make sure that networking is properly
working and you're able to connect to the machine. It is a common
problem that networking isn't setup properly in these boxes.
Verify that authentication configurations are also setup properly,
as well.

If the box appears to be booting properly, you may want to increase
the timeout ("config.vm.boot_timeout") value.
---- End output of vagrant up --no-provision --provider=virtualbox ----
Ran vagrant up --no-provision --provider=virtualbox returned 1
E, [2014-10-10T08:27:12.694888 #8564] ERROR -- Kitchen: ------Backtrace-------
E, [2014-10-10T08:27:12.694888 #8564] ERROR -- Kitchen: C:/opscode/chef/embedded/lib/ruby/gems/1.9.1/gems/test-kitchen-1.2.1/lib/kitchen/shell_out.rb:70:in `rescue in run_command'
E, [2014-10-10T08:27:12.694888 #8564] ERROR -- Kitchen: C:/opscode/chef/embedded/lib/ruby/gems/1.9.1/gems/test-kitchen-1.2.1/lib/kitchen/shell_out.rb:59:in `run_command'
E, [2014-10-10T08:27:12.694888 #8564] ERROR -- Kitchen: C:/opscode/chef/embedded/lib/ruby/gems/1.9.1/gems/test-kitchen-1.2.1/lib/kitchen/driver/base.rb:158:in `run_command'
E, [2014-10-10T08:27:12.694888 #8564] ERROR -- Kitchen: C:/opscode/chef/embedded/lib/ruby/gems/1.9.1/gems/kitchen-vagrant-0.15.0/lib/kitchen/driver/vagrant.rb:123:in `run'
E, [2014-10-10T08:27:12.694888 #8564] ERROR -- Kitchen: C:/opscode/chef/embedded/lib/ruby/gems/1.9.1/gems/kitchen-vagrant-0.15.0/lib/kitchen/driver/vagrant.rb:68:in `create'
E, [2014-10-10T08:27:12.694888 #8564] ERROR -- Kitchen: C:/opscode/chef/embedded/lib/ruby/gems/1.9.1/gems/test-kitchen-1.2.1/lib/kitchen/instance.rb:273:in `public_send'
E, [2014-10-10T08:27:12.694888 #8564] ERROR -- Kitchen: C:/opscode/chef/embedded/lib/ruby/gems/1.9.1/gems/test-kitchen-1.2.1/lib/kitchen/instance.rb:273:in `block in perform_action'
E, [2014-10-10T08:27:12.695388 #8564] ERROR -- Kitchen: C:/opscode/chef/embedded/lib/ruby/gems/1.9.1/gems/test-kitchen-1.2.1/lib/kitchen/instance.rb:305:in `call'
E, [2014-10-10T08:27:12.695388 #8564] ERROR -- Kitchen: C:/opscode/chef/embedded/lib/ruby/gems/1.9.1/gems/test-kitchen-1.2.1/lib/kitchen/instance.rb:305:in `block in synchronize_or_call'
E, [2014-10-10T08:27:12.695388 #8564] ERROR -- Kitchen: <internal:prelude>:10:in `synchronize'
E, [2014-10-10T08:27:12.695388 #8564] ERROR -- Kitchen: C:/opscode/chef/embedded/lib/ruby/gems/1.9.1/gems/test-kitchen-1.2.1/lib/kitchen/instance.rb:303:in `synchronize_or_call'
E, [2014-10-10T08:27:12.695388 #8564] ERROR -- Kitchen: C:/opscode/chef/embedded/lib/ruby/gems/1.9.1/gems/test-kitchen-1.2.1/lib/kitchen/instance.rb:283:in `block in action'
E, [2014-10-10T08:27:12.695388 #8564] ERROR -- Kitchen: C:/opscode/chef/embedded/lib/ruby/1.9.1/benchmark.rb:280:in `measure'
E, [2014-10-10T08:27:12.695388 #8564] ERROR -- Kitchen: C:/opscode/chef/embedded/lib/ruby/gems/1.9.1/gems/test-kitchen-1.2.1/lib/kitchen/instance.rb:282:in `action'
E, [2014-10-10T08:27:12.695388 #8564] ERROR -- Kitchen: C:/opscode/chef/embedded/lib/ruby/gems/1.9.1/gems/test-kitchen-1.2.1/lib/kitchen/instance.rb:273:in `perform_action'
E, [2014-10-10T08:27:12.695388 #8564] ERROR -- Kitchen: C:/opscode/chef/embedded/lib/ruby/gems/1.9.1/gems/test-kitchen-1.2.1/lib/kitchen/instance.rb:252:in `create_action'
E, [2014-10-10T08:27:12.695388 #8564] ERROR -- Kitchen: C:/opscode/chef/embedded/lib/ruby/gems/1.9.1/gems/test-kitchen-1.2.1/lib/kitchen/instance.rb:246:in `block in transition_to'
E, [2014-10-10T08:27:12.695388 #8564] ERROR -- Kitchen: C:/opscode/chef/embedded/lib/ruby/gems/1.9.1/gems/test-kitchen-1.2.1/lib/kitchen/instance.rb:245:in `each'
E, [2014-10-10T08:27:12.695388 #8564] ERROR -- Kitchen: C:/opscode/chef/embedded/lib/ruby/gems/1.9.1/gems/test-kitchen-1.2.1/lib/kitchen/instance.rb:245:in `transition_to'
E, [2014-10-10T08:27:12.695388 #8564] ERROR -- Kitchen: C:/opscode/chef/embedded/lib/ruby/gems/1.9.1/gems/test-kitchen-1.2.1/lib/kitchen/instance.rb:119:in `converge'
E, [2014-10-10T08:27:12.695388 #8564] ERROR -- Kitchen: C:/opscode/chef/embedded/lib/ruby/gems/1.9.1/gems/test-kitchen-1.2.1/lib/kitchen/command.rb:109:in `public_send'
E, [2014-10-10T08:27:12.695888 #8564] ERROR -- Kitchen: C:/opscode/chef/embedded/lib/ruby/gems/1.9.1/gems/test-kitchen-1.2.1/lib/kitchen/command.rb:109:in `block (2 levels) in run_action'
E, [2014-10-10T08:27:12.695888 #8564] ERROR -- Kitchen: ----------------------
